<?xml version="1.0" encoding="UTF-8"?>
<!-- Generated by org.testng.reporters.JUnitReportReporter -->
<testsuite hostname="hp" failures="0" tests="1" name="com.sankalpa.MyTestcases" time="10.243" errors="0" timestamp="01 Mar 2024 08:25:44 GMT" skipped="0">
  <testcase classname="com.sankalpa.MyTestcases" name="verifyingLastName" time="10.243"/>
</testsuite> <!-- com.sankalpa.MyTestcases -->
