<?xml version="1.0" encoding="UTF-8"?>
<!-- Generated by org.testng.reporters.JUnitReportReporter -->
<testsuite hostname="hp" failures="0" tests="1" name="com.sankalpa.MyHybridTestCases" time="16.363" errors="0" timestamp="01 Mar 2024 11:29:52 GMT" skipped="0">
  <testcase classname="com.sankalpa.MyHybridTestCases" name="verifyingLastNamewithPOM" time="16.363"/>
</testsuite> <!-- com.sankalpa.MyHybridTestCases -->
