<?xml version="1.0" encoding="UTF-8"?>
<!-- Generated by org.testng.reporters.JUnitReportReporter -->
<testsuite hostname="hp" failures="0" tests="1" name="com.sankalpa.MyPropertiesTestCses" time="13.328" errors="0" timestamp="01 Mar 2024 08:58:32 GMT" skipped="0">
  <testcase classname="com.sankalpa.MyPropertiesTestCses" name="verifyingLastNamewithPOM" time="13.328"/>
</testsuite> <!-- com.sankalpa.MyPropertiesTestCses -->
